ERROR 2025-07-23 09:18:18,153 log 7224 6128496640 Internal Server Error: /api/userskillstats/
Traceback (most recent call last):
  File "/Users/cheef/.local/share/virtualenvs/nextjob-ai-ziJIAX1K/lib/python3.13/site-packages/django/core/handlers/exception.py", line 55, in inner
    response = get_response(request)
  File "/Users/cheef/.local/share/virtualenvs/nextjob-ai-ziJIAX1K/lib/python3.13/site-packages/django/core/handlers/base.py", line 197, in _get_response
    response = wrapped_callback(request, *callback_args, **callback_kwargs)
  File "/Users/cheef/.local/share/virtualenvs/nextjob-ai-ziJIAX1K/lib/python3.13/site-packages/django/views/decorators/csrf.py", line 65, in _view_wrapper
    return view_func(request, *args, **kwargs)
  File "/Users/cheef/.local/share/virtualenvs/nextjob-ai-ziJIAX1K/lib/python3.13/site-packages/rest_framework/viewsets.py", line 125, in view
    return self.dispatch(request, *args, **kwargs)
           ~~~~~~~~~~~~~^^^^^^^^^^^^^^^^^^^^^^^^^^
  File "/Users/cheef/.local/share/virtualenvs/nextjob-ai-ziJIAX1K/lib/python3.13/site-packages/rest_framework/views.py", line 515, in dispatch
    response = self.handle_exception(exc)
  File "/Users/cheef/.local/share/virtualenvs/nextjob-ai-ziJIAX1K/lib/python3.13/site-packages/rest_framework/views.py", line 475, in handle_exception
    self.raise_uncaught_exception(exc)
    ~~~~~~~~~~~~~~~~~~~~~~~~~~~~~^^^^^
  File "/Users/cheef/.local/share/virtualenvs/nextjob-ai-ziJIAX1K/lib/python3.13/site-packages/rest_framework/views.py", line 486, in raise_uncaught_exception
    raise exc
  File "/Users/cheef/.local/share/virtualenvs/nextjob-ai-ziJIAX1K/lib/python3.13/site-packages/rest_framework/views.py", line 512, in dispatch
    response = handler(request, *args, **kwargs)
  File "/Users/cheef/Documents/nextjob-ai/backend/core/views.py", line 96, in list
    queryset = self.get_queryset()
  File "/Users/cheef/Documents/nextjob-ai/backend/core/views.py", line 92, in get_queryset
    .values(user=models.F("user__username"), num_skills=models.F("num_skills")))
     ~~~~~~^^^^^^^^^^^^^^^^^^^^^^^^^^^^^^^^^^^^^^^^^^^^^^^^^^^^^^^^^^^^^^^^^^^^
  File "/Users/cheef/.local/share/virtualenvs/nextjob-ai-ziJIAX1K/lib/python3.13/site-packages/django/db/models/query.py", line 1368, in values
    clone = self._values(*fields, **expressions)
  File "/Users/cheef/.local/share/virtualenvs/nextjob-ai-ziJIAX1K/lib/python3.13/site-packages/django/db/models/query.py", line 1361, in _values
    clone = clone.annotate(**expressions)
  File "/Users/cheef/.local/share/virtualenvs/nextjob-ai-ziJIAX1K/lib/python3.13/site-packages/django/db/models/query.py", line 1649, in annotate
    return self._annotate(args, kwargs, select=True)
           ~~~~~~~~~~~~~~^^^^^^^^^^^^^^^^^^^^^^^^^^^
  File "/Users/cheef/.local/share/virtualenvs/nextjob-ai-ziJIAX1K/lib/python3.13/site-packages/django/db/models/query.py", line 1694, in _annotate
    raise ValueError(
    ...<2 lines>...
    )
ValueError: The annotation 'user' conflicts with a field on the model.
ERROR 2025-07-23 09:20:18,550 log 8139 6163853312 Internal Server Error: /api/userskillstats/
Traceback (most recent call last):
  File "/Users/cheef/.local/share/virtualenvs/nextjob-ai-ziJIAX1K/lib/python3.13/site-packages/django/core/handlers/exception.py", line 55, in inner
    response = get_response(request)
  File "/Users/cheef/.local/share/virtualenvs/nextjob-ai-ziJIAX1K/lib/python3.13/site-packages/django/core/handlers/base.py", line 197, in _get_response
    response = wrapped_callback(request, *callback_args, **callback_kwargs)
  File "/Users/cheef/.local/share/virtualenvs/nextjob-ai-ziJIAX1K/lib/python3.13/site-packages/django/views/decorators/csrf.py", line 65, in _view_wrapper
    return view_func(request, *args, **kwargs)
  File "/Users/cheef/.local/share/virtualenvs/nextjob-ai-ziJIAX1K/lib/python3.13/site-packages/rest_framework/viewsets.py", line 125, in view
    return self.dispatch(request, *args, **kwargs)
           ~~~~~~~~~~~~~^^^^^^^^^^^^^^^^^^^^^^^^^^
  File "/Users/cheef/.local/share/virtualenvs/nextjob-ai-ziJIAX1K/lib/python3.13/site-packages/rest_framework/views.py", line 515, in dispatch
    response = self.handle_exception(exc)
  File "/Users/cheef/.local/share/virtualenvs/nextjob-ai-ziJIAX1K/lib/python3.13/site-packages/rest_framework/views.py", line 475, in handle_exception
    self.raise_uncaught_exception(exc)
    ~~~~~~~~~~~~~~~~~~~~~~~~~~~~~^^^^^
  File "/Users/cheef/.local/share/virtualenvs/nextjob-ai-ziJIAX1K/lib/python3.13/site-packages/rest_framework/views.py", line 486, in raise_uncaught_exception
    raise exc
  File "/Users/cheef/.local/share/virtualenvs/nextjob-ai-ziJIAX1K/lib/python3.13/site-packages/rest_framework/views.py", line 512, in dispatch
    response = handler(request, *args, **kwargs)
  File "/Users/cheef/Documents/nextjob-ai/backend/core/views.py", line 95, in list
    queryset = self.get_queryset()
  File "/Users/cheef/Documents/nextjob-ai/backend/core/views.py", line 91, in get_queryset
    .values(user=F("user__username"), num_skills=F("num_skills")))
     ~~~~~~^^^^^^^^^^^^^^^^^^^^^^^^^^^^^^^^^^^^^^^^^^^^^^^^^^^^^^
  File "/Users/cheef/.local/share/virtualenvs/nextjob-ai-ziJIAX1K/lib/python3.13/site-packages/django/db/models/query.py", line 1368, in values
    clone = self._values(*fields, **expressions)
  File "/Users/cheef/.local/share/virtualenvs/nextjob-ai-ziJIAX1K/lib/python3.13/site-packages/django/db/models/query.py", line 1361, in _values
    clone = clone.annotate(**expressions)
  File "/Users/cheef/.local/share/virtualenvs/nextjob-ai-ziJIAX1K/lib/python3.13/site-packages/django/db/models/query.py", line 1649, in annotate
    return self._annotate(args, kwargs, select=True)
           ~~~~~~~~~~~~~~^^^^^^^^^^^^^^^^^^^^^^^^^^^
  File "/Users/cheef/.local/share/virtualenvs/nextjob-ai-ziJIAX1K/lib/python3.13/site-packages/django/db/models/query.py", line 1694, in _annotate
    raise ValueError(
    ...<2 lines>...
    )
ValueError: The annotation 'user' conflicts with a field on the model.
ERROR 2025-07-23 09:21:44,217 log 8759 6201634816 Internal Server Error: /api/userskillstats/
Traceback (most recent call last):
  File "/Users/cheef/.local/share/virtualenvs/nextjob-ai-ziJIAX1K/lib/python3.13/site-packages/rest_framework/fields.py", line 437, in get_attribute
    return get_attribute(instance, self.source_attrs)
  File "/Users/cheef/.local/share/virtualenvs/nextjob-ai-ziJIAX1K/lib/python3.13/site-packages/rest_framework/fields.py", line 102, in get_attribute
    instance = instance[attr]
               ~~~~~~~~^^^^^^
KeyError: 'user'

During handling of the above exception, another exception occurred:

Traceback (most recent call last):
  File "/Users/cheef/.local/share/virtualenvs/nextjob-ai-ziJIAX1K/lib/python3.13/site-packages/django/core/handlers/exception.py", line 55, in inner
    response = get_response(request)
  File "/Users/cheef/.local/share/virtualenvs/nextjob-ai-ziJIAX1K/lib/python3.13/site-packages/django/core/handlers/base.py", line 197, in _get_response
    response = wrapped_callback(request, *callback_args, **callback_kwargs)
  File "/Users/cheef/.local/share/virtualenvs/nextjob-ai-ziJIAX1K/lib/python3.13/site-packages/django/views/decorators/csrf.py", line 65, in _view_wrapper
    return view_func(request, *args, **kwargs)
  File "/Users/cheef/.local/share/virtualenvs/nextjob-ai-ziJIAX1K/lib/python3.13/site-packages/rest_framework/viewsets.py", line 125, in view
    return self.dispatch(request, *args, **kwargs)
           ~~~~~~~~~~~~~^^^^^^^^^^^^^^^^^^^^^^^^^^
  File "/Users/cheef/.local/share/virtualenvs/nextjob-ai-ziJIAX1K/lib/python3.13/site-packages/rest_framework/views.py", line 515, in dispatch
    response = self.handle_exception(exc)
  File "/Users/cheef/.local/share/virtualenvs/nextjob-ai-ziJIAX1K/lib/python3.13/site-packages/rest_framework/views.py", line 475, in handle_exception
    self.raise_uncaught_exception(exc)
    ~~~~~~~~~~~~~~~~~~~~~~~~~~~~~^^^^^
  File "/Users/cheef/.local/share/virtualenvs/nextjob-ai-ziJIAX1K/lib/python3.13/site-packages/rest_framework/views.py", line 486, in raise_uncaught_exception
    raise exc
  File "/Users/cheef/.local/share/virtualenvs/nextjob-ai-ziJIAX1K/lib/python3.13/site-packages/rest_framework/views.py", line 512, in dispatch
    response = handler(request, *args, **kwargs)
  File "/Users/cheef/Documents/nextjob-ai/backend/core/views.py", line 97, in list
    return Response(serializer.data)
                    ^^^^^^^^^^^^^^^
  File "/Users/cheef/.local/share/virtualenvs/nextjob-ai-ziJIAX1K/lib/python3.13/site-packages/rest_framework/serializers.py", line 797, in data
    ret = super().data
          ^^^^^^^^^^^^
  File "/Users/cheef/.local/share/virtualenvs/nextjob-ai-ziJIAX1K/lib/python3.13/site-packages/rest_framework/serializers.py", line 251, in data
    self._data = self.to_representation(self.instance)
                 ~~~~~~~~~~~~~~~~~~~~~~^^^^^^^^^^^^^^^
  File "/Users/cheef/.local/share/virtualenvs/nextjob-ai-ziJIAX1K/lib/python3.13/site-packages/rest_framework/serializers.py", line 716, in to_representation
    self.child.to_representation(item) for item in iterable
    ~~~~~~~~~~~~~~~~~~~~~~~~~~~~^^^^^^
  File "/Users/cheef/.local/share/virtualenvs/nextjob-ai-ziJIAX1K/lib/python3.13/site-packages/rest_framework/serializers.py", line 527, in to_representation
    attribute = field.get_attribute(instance)
  File "/Users/cheef/.local/share/virtualenvs/nextjob-ai-ziJIAX1K/lib/python3.13/site-packages/rest_framework/fields.py", line 470, in get_attribute
    raise type(exc)(msg)
KeyError: "Got KeyError when attempting to get a value for field `user` on serializer `UserSkillStatSerializer`.\nThe serializer field might be named incorrectly and not match any attribute or key on the `dict` instance.\nOriginal exception text was: 'user'."
WARNING 2025-07-23 09:23:51,741 log 8935 6192082944 Not Found: /
WARNING 2025-07-23 09:24:04,768 log 8935 6192082944 Unauthorized: /auth/users/
WARNING 2025-07-23 09:24:22,444 log 8935 6192082944 Unauthorized: /auth/users/me/
WARNING 2025-07-23 09:27:18,264 log 8935 6276214784 Not Found: /
